#
# A fatal error has been detected by the Java Runtime Environment:
#
#  EXCEPTION_ACCESS_VIOLATION (0xc0000005) at pc=0x00007fffb2422224, pid=5732, tid=11796
#
# JRE version: Java(TM) SE Runtime Environment (8.0_66-b18) (build 1.8.0_66-b18)
# Java VM: Java HotSpot(TM) 64-Bit Server VM (25.66-b18 mixed mode windows-amd64 compressed oops)
# Problematic frame:
# C  [OPENGL32.dll+0xe2224]
#
# Failed to write core dump. Minidumps are not enabled by default on client versions of Windows
#
# If you would like to submit a bug report, please visit:
#   http://bugreport.java.com/bugreport/crash.jsp
#

---------------  T H R E A D  ---------------

Current thread (0x0000000019807000):  VMThread [stack: 0x000000001aec0000,0x000000001afc0000] [id=11796]

siginfo: ExceptionCode=0xc0000005, reading address 0x0000000000000a38

Registers:
RAX=0x0000000000000000, RBX=0x0000000021fe4bd0, RCX=0x0000000000000001, RDX=0x0000000021fe4bd8
RSP=0x000000001afbf588, RBP=0x0000000000000000, RSI=0x000000002219e050, RDI=0x000000002219e050
R8 =0x000000001afbf608, R9 =0x00000000196d5400, R10=0x0000000000000000, R11=0x0000000000000246
R12=0x0000000000000000, R13=0x0000000022198dc0, R14=0x0000000022198c70, R15=0x0000000000000000
RIP=0x00007fffb2422224, EFLAGS=0x0000000000010287

Top of Stack: (sp=0x000000001afbf588)
0x000000001afbf588:   00007fffb1f2244b 0000000022198dc0
0x000000001afbf598:   0000000000000001 0000000022190000
0x000000001afbf5a8:   00007fffd69207d9 0000000000000000
0x000000001afbf5b8:   00007fffb1f27f17 0000000000000000
0x000000001afbf5c8:   0000000000000000 0000000022198da0
0x000000001afbf5d8:   00007fffb1f27283 fffffffffffffffe
0x000000001afbf5e8:   000000001afbf650 0000000000000000
0x000000001afbf5f8:   00007fffb1f287c9 000000002219e050
0x000000001afbf608:   0000000021fe6110 00000000196d5400
0x000000001afbf618:   00007fffb1fa5700 fffffffffffffffe
0x000000001afbf628:   000000002219b2c0 0000000000000001
0x000000001afbf638:   0000000022198d98 0000000022198c70
0x000000001afbf648:   00007fffb1fad7ad 00007fffb20e65b0
0x000000001afbf658:   00007fffb2011930 00000000196d5400
0x000000001afbf668:   00007fffd6972827 0000000022198d98
0x000000001afbf678:   0000000022198c70 0000000022198c70 

Instructions: (pc=0x00007fffb2422224)
0x00007fffb2422204:   cc cc cc cc cc cc 66 0f 1f 44 00 00 8b 05 f2 7d
0x00007fffb2422214:   01 00 83 f8 40 73 0f 65 48 8b 04 c5 80 14 00 00
0x00007fffb2422224:   ff a0 38 0a 00 00 b8 47 01 00 00 e9 ec d4 ff ff
0x00007fffb2422234:   cc cc cc cc cc cc 66 0f 1f 44 00 00 8b 05 c2 7d 


Register to memory mapping:

RAX=0x0000000000000000 is an unknown value
RBX=0x0000000021fe4bd0 is an unknown value
RCX=0x0000000000000001 is an unknown value
RDX=0x0000000021fe4bd8 is an unknown value
RSP=0x000000001afbf588 is an unknown value
RBP=0x0000000000000000 is an unknown value
RSI=0x000000002219e050 is an unknown value
RDI=0x000000002219e050 is an unknown value
R8 =0x000000001afbf608 is an unknown value
R9 =0x00000000196d5400 is an unknown value
R10=0x0000000000000000 is an unknown value
R11=0x0000000000000246 is an unknown value
R12=0x0000000000000000 is an unknown value
R13=0x0000000022198dc0 is an unknown value
R14=0x0000000022198c70 is an unknown value
R15=0x0000000000000000 is an unknown value


Stack: [0x000000001aec0000,0x000000001afc0000],  sp=0x000000001afbf588,  free space=1021k
Native frames: (J=compiled Java code, j=interpreted, Vv=VM code, C=native code)

VM_Operation (0x00000000023ee8f0): Exit, mode: safepoint, requested by thread 0x00000000023f4800


---------------  P R O C E S S  ---------------

Java Threads: ( => current thread )
  0x000000002ec0f800 JavaThread "File IO Thread" [_thread_blocked, id=10908, stack(0x00000000466c0000,0x00000000467c0000)]
  0x000000002ec05000 JavaThread "pool-2-thread-1" [_thread_blocked, id=16324, stack(0x000000003eff0000,0x000000003f0f0000)]
  0x000000002ec08800 JavaThread "Chunk I/O Executor Thread-1" daemon [_thread_blocked, id=10828, stack(0x000000003bef0000,0x000000003bff0000)]
  0x000000002ec09800 JavaThread "Netty IO #1" daemon [_thread_in_native, id=1152, stack(0x000000003bdf0000,0x000000003bef0000)]
  0x000000002ec04000 JavaThread "Netty Client IO #0" daemon [_thread_in_native, id=8960, stack(0x000000003ad20000,0x000000003ae20000)]
  0x000000002ec08000 JavaThread "Netty IO #0" daemon [_thread_in_native, id=12108, stack(0x000000003ac20000,0x000000003ad20000)]
  0x000000001c925000 JavaThread "LWJGL Timer" daemon [_thread_blocked, id=14788, stack(0x000000002dfb0000,0x000000002e0b0000)]
  0x000000001c927000 JavaThread "Java2D Disposer" daemon [_thread_blocked, id=14900, stack(0x0000000021ee0000,0x0000000021fe0000)]
  0x000000001c923800 JavaThread "Timer hack thread" daemon [_thread_blocked, id=1300, stack(0x00000000217e0000,0x00000000218e0000)]
  0x000000001c921000 JavaThread "Snooper Timer" daemon [_thread_blocked, id=10972, stack(0x00000000216e0000,0x00000000217e0000)]
  0x000000001c925800 JavaThread "SeedGenerator Thread" daemon [_thread_blocked, id=9264, stack(0x000000001edc0000,0x000000001eec0000)]
  0x000000001985e800 JavaThread "Service Thread" daemon [_thread_blocked, id=9752, stack(0x000000001bbd0000,0x000000001bcd0000)]
  0x000000001984f800 JavaThread "C1 CompilerThread2" daemon [_thread_blocked, id=14156, stack(0x000000001b6d0000,0x000000001b7d0000)]
  0x000000001984a000 JavaThread "C2 CompilerThread1" daemon [_thread_blocked, id=13784, stack(0x000000001b5d0000,0x000000001b6d0000)]
  0x0000000019847800 JavaThread "C2 CompilerThread0" daemon [_thread_blocked, id=5492, stack(0x000000001b4d0000,0x000000001b5d0000)]
  0x0000000019844800 JavaThread "Attach Listener" daemon [_thread_blocked, id=15140, stack(0x000000001b3d0000,0x000000001b4d0000)]
  0x0000000019843000 JavaThread "Signal Dispatcher" daemon [_thread_blocked, id=15480, stack(0x000000001b2d0000,0x000000001b3d0000)]
  0x00000000024ed000 JavaThread "Finalizer" daemon [_thread_blocked, id=15260, stack(0x000000001b0c0000,0x000000001b1c0000)]
  0x000000001980b800 JavaThread "Reference Handler" daemon [_thread_blocked, id=9208, stack(0x000000001afc0000,0x000000001b0c0000)]
  0x00000000023f4800 JavaThread "Client thread" [_thread_blocked, id=13108, stack(0x00000000022f0000,0x00000000023f0000)]

Other Threads:
=>0x0000000019807000 VMThread [stack: 0x000000001aec0000,0x000000001afc0000] [id=11796]

VM state:at safepoint (shutting down)

VM Mutex/Monitor currently owned by a thread:  ([mutex/lock_event])
[0x00000000023f24d0] Threads_lock - owner thread: 0x0000000019807000

Heap:
 PSYoungGen      total 619520K, used 22008K [0x0000000780380000, 0x00000007ad980000, 0x00000007c0000000)
  eden space 603136K, 3% used [0x0000000780380000,0x00000007818fe2b0,0x00000007a5080000)
  from space 16384K, 0% used [0x00000007a5080000,0x00000007a5080000,0x00000007a6080000)
  to   space 70144K, 0% used [0x00000007a9500000,0x00000007a9500000,0x00000007ad980000)
 ParOldGen       total 322560K, used 204467K [0x0000000700a00000, 0x0000000714500000, 0x0000000780380000)
  object space 322560K, 63% used [0x0000000700a00000,0x000000070d1ace70,0x0000000714500000)
 Metaspace       used 39647K, capacity 39983K, committed 40448K, reserved 1085440K
  class space    used 4644K, capacity 4754K, committed 4864K, reserved 1048576K

Card table byte_map: [0x00000000118b0000,0x0000000011eb0000] byte_map_base: 0x000000000e0ab000

Marking Bits: (ParMarkBitMap*) 0x0000000051f6a5b0
 Begin Bits: [0x00000000128b0000, 0x0000000015888000)
 End Bits:   [0x0000000015888000, 0x0000000018860000)

Polling page: 0x0000000000870000

CodeCache: size=245760Kb used=31590Kb max_used=31695Kb free=214169Kb
 bounds [0x00000000024f0000, 0x0000000004430000, 0x00000000114f0000]
 total_blobs=7960 nmethods=7167 adapters=703
 compilation: enabled

Compilation events (10 events):
Event: 96.172 Thread 0x0000000019847800 nmethod 10079 0x0000000003b0bb10 code [0x0000000003b0bca0, 0x0000000003b0c528]
Event: 96.172 Thread 0x000000001984a000 nmethod 10078 0x00000000043ec2d0 code [0x00000000043ec4a0, 0x00000000043ece48]
Event: 96.836 Thread 0x000000001984f800 10084       3       net.minecraft.util.MathHelper::abs (13 bytes)
Event: 96.836 Thread 0x000000001984f800 nmethod 10084 0x0000000003927a50 code [0x0000000003927bc0, 0x0000000003927d70]
Event: 97.327 Thread 0x000000001984f800 10085       3       java.util.logging.LogManager$LoggerContext::ensureDefaultLogger (70 bytes)
Event: 97.328 Thread 0x000000001984f800 nmethod 10085 0x0000000003426ad0 code [0x0000000003426c80, 0x0000000003427528]
Event: 97.330 Thread 0x000000001984f800 10086       3       org.apache.logging.log4j.core.helpers.NameUtil::getSubName (32 bytes)
Event: 97.330 Thread 0x000000001984f800 nmethod 10086 0x0000000003966410 code [0x00000000039665a0, 0x0000000003966b38]
Event: 97.330 Thread 0x000000001984f800 10087       1       org.apache.logging.log4j.core.config.LoggerConfig::getLevel (5 bytes)
Event: 97.330 Thread 0x000000001984f800 nmethod 10087 0x0000000003966150 code [0x00000000039662a0, 0x00000000039663b0]

GC Heap History (10 events):
Event: 44.888 GC heap before
{Heap before GC invocations=23 (full 7):
 PSYoungGen      total 569856K, used 518144K [0x0000000780380000, 0x00000007a6880000, 0x00000007c0000000)
  eden space 518144K, 100% used [0x0000000780380000,0x000000079fd80000,0x000000079fd80000)
  from space 51712K, 0% used [0x00000007a3600000,0x00000007a3600000,0x00000007a6880000)
  to   space 54784K, 0% used [0x000000079fd80000,0x000000079fd80000,0x00000007a3300000)
 ParOldGen       total 172544K, used 137470K [0x0000000700a00000, 0x000000070b280000, 0x0000000780380000)
  object space 172544K, 79% used [0x0000000700a00000,0x000000070903fbf8,0x000000070b280000)
 Metaspace       used 38603K, capacity 38953K, committed 39424K, reserved 1083392K
  class space    used 4602K, capacity 4753K, committed 4864K, reserved 1048576K
Event: 45.202 GC heap after
Heap after GC invocations=23 (full 7):
 PSYoungGen      total 569856K, used 15178K [0x0000000780380000, 0x00000007a6880000, 0x00000007c0000000)
  eden space 518144K, 2% used [0x0000000780380000,0x00000007812528e0,0x000000079fd80000)
  from space 51712K, 0% used [0x00000007a3600000,0x00000007a3600000,0x00000007a6880000)
  to   space 54784K, 0% used [0x000000079fd80000,0x000000079fd80000,0x00000007a3300000)
 ParOldGen       total 322560K, used 172444K [0x0000000700a00000, 0x0000000714500000, 0x0000000780380000)
  object space 322560K, 53% used [0x0000000700a00000,0x000000070b267240,0x0000000714500000)
 Metaspace       used 38603K, capacity 38953K, committed 39424K, reserved 1083392K
  class space    used 4602K, capacity 4753K, committed 4864K, reserved 1048576K
}
Event: 65.829 GC heap before
{Heap before GC invocations=24 (full 7):
 PSYoungGen      total 569856K, used 518144K [0x0000000780380000, 0x00000007a6880000, 0x00000007c0000000)
  eden space 518144K, 100% used [0x0000000780380000,0x000000079fd80000,0x000000079fd80000)
  from space 51712K, 0% used [0x00000007a3600000,0x00000007a3600000,0x00000007a6880000)
  to   space 54784K, 0% used [0x000000079fd80000,0x000000079fd80000,0x00000007a3300000)
 ParOldGen       total 322560K, used 172444K [0x0000000700a00000, 0x0000000714500000, 0x0000000780380000)
  object space 322560K, 53% used [0x0000000700a00000,0x000000070b267240,0x0000000714500000)
 Metaspace       used 39172K, capacity 39599K, committed 40192K, reserved 1085440K
  class space    used 4619K, capacity 4754K, committed 4864K, reserved 1048576K
Event: 65.872 GC heap after
Heap after GC invocations=24 (full 7):
 PSYoungGen      total 572928K, used 44221K [0x0000000780380000, 0x00000007ad380000, 0x00000007c0000000)
  eden space 518144K, 0% used [0x0000000780380000,0x0000000780380000,0x000000079fd80000)
  from space 54784K, 80% used [0x000000079fd80000,0x00000007a28af590,0x00000007a3300000)
  to   space 60416K, 0% used [0x00000007a9880000,0x00000007a9880000,0x00000007ad380000)
 ParOldGen       total 322560K, used 172452K [0x0000000700a00000, 0x0000000714500000, 0x0000000780380000)
  object space 322560K, 53% used [0x0000000700a00000,0x000000070b269240,0x0000000714500000)
 Metaspace       used 39172K, capacity 39599K, committed 40192K, reserved 1085440K
  class space    used 4619K, capacity 4754K, committed 4864K, reserved 1048576K
}
Event: 86.173 GC heap before
{Heap before GC invocations=25 (full 7):
 PSYoungGen      total 572928K, used 562365K [0x0000000780380000, 0x00000007ad380000, 0x00000007c0000000)
  eden space 518144K, 100% used [0x0000000780380000,0x000000079fd80000,0x000000079fd80000)
  from space 54784K, 80% used [0x000000079fd80000,0x00000007a28af590,0x00000007a3300000)
  to   space 60416K, 0% used [0x00000007a9880000,0x00000007a9880000,0x00000007ad380000)
 ParOldGen       total 322560K, used 172452K [0x0000000700a00000, 0x0000000714500000, 0x0000000780380000)
  object space 322560K, 53% used [0x0000000700a00000,0x000000070b269240,0x0000000714500000)
 Metaspace       used 39529K, capacity 39855K, committed 40448K, reserved 1085440K
  class space    used 4632K, capacity 4754K, committed 4864K, reserved 1048576K
Event: 86.228 GC heap after
Heap after GC invocations=25 (full 7):
 PSYoungGen      total 663552K, used 60404K [0x0000000780380000, 0x00000007ade80000, 0x00000007c0000000)
  eden space 603136K, 0% used [0x0000000780380000,0x0000000780380000,0x00000007a5080000)
  from space 60416K, 99% used [0x00000007a9880000,0x00000007ad37d300,0x00000007ad380000)
  to   space 72704K, 0% used [0x00000007a5080000,0x00000007a5080000,0x00000007a9780000)
 ParOldGen       total 322560K, used 178693K [0x0000000700a00000, 0x0000000714500000, 0x0000000780380000)
  object space 322560K, 55% used [0x0000000700a00000,0x000000070b8814c8,0x0000000714500000)
 Metaspace       used 39529K, capacity 39855K, committed 40448K, reserved 1085440K
  class space    used 4632K, capacity 4754K, committed 4864K, reserved 1048576K
}
Event: 95.903 GC heap before
{Heap before GC invocations=26 (full 7):
 PSYoungGen      total 663552K, used 316979K [0x0000000780380000, 0x00000007ade80000, 0x00000007c0000000)
  eden space 603136K, 42% used [0x0000000780380000,0x000000078fe0fca8,0x00000007a5080000)
  from space 60416K, 99% used [0x00000007a9880000,0x00000007ad37d300,0x00000007ad380000)
  to   space 72704K, 0% used [0x00000007a5080000,0x00000007a5080000,0x00000007a9780000)
 ParOldGen       total 322560K, used 178693K [0x0000000700a00000, 0x0000000714500000, 0x0000000780380000)
  object space 322560K, 55% used [0x0000000700a00000,0x000000070b8814c8,0x0000000714500000)
 Metaspace       used 39619K, capacity 39983K, committed 40448K, reserved 1085440K
  class space    used 4640K, capacity 4754K, committed 4864K, reserved 1048576K
Event: 95.964 GC heap after
Heap after GC invocations=26 (full 7):
 PSYoungGen      total 619520K, used 16369K [0x0000000780380000, 0x00000007ad980000, 0x00000007c0000000)
  eden space 603136K, 0% used [0x0000000780380000,0x0000000780380000,0x00000007a5080000)
  from space 16384K, 99% used [0x00000007a5080000,0x00000007a607c450,0x00000007a6080000)
  to   space 70144K, 0% used [0x00000007a9500000,0x00000007a9500000,0x00000007ad980000)
 ParOldGen       total 322560K, used 232961K [0x0000000700a00000, 0x0000000714500000, 0x0000000780380000)
  object space 322560K, 72% used [0x0000000700a00000,0x000000070ed80600,0x0000000714500000)
 Metaspace       used 39619K, capacity 39983K, committed 40448K, reserved 1085440K
  class space    used 4640K, capacity 4754K, committed 4864K, reserved 1048576K
}
Event: 95.964 GC heap before
{Heap before GC invocations=27 (full 8):
 PSYoungGen      total 619520K, used 16369K [0x0000000780380000, 0x00000007ad980000, 0x00000007c0000000)
  eden space 603136K, 0% used [0x0000000780380000,0x0000000780380000,0x00000007a5080000)
  from space 16384K, 99% used [0x00000007a5080000,0x00000007a607c450,0x00000007a6080000)
  to   space 70144K, 0% used [0x00000007a9500000,0x00000007a9500000,0x00000007ad980000)
 ParOldGen       total 322560K, used 232961K [0x0000000700a00000, 0x0000000714500000, 0x0000000780380000)
  object space 322560K, 72% used [0x0000000700a00000,0x000000070ed80600,0x0000000714500000)
 Metaspace       used 39619K, capacity 39983K, committed 40448K, reserved 1085440K
  class space    used 4640K, capacity 4754K, committed 4864K, reserved 1048576K
Event: 96.157 GC heap after
Heap after GC invocations=27 (full 8):
 PSYoungGen      total 619520K, used 0K [0x0000000780380000, 0x00000007ad980000, 0x00000007c0000000)
  eden space 603136K, 0% used [0x0000000780380000,0x0000000780380000,0x00000007a5080000)
  from space 16384K, 0% used [0x00000007a5080000,0x00000007a5080000,0x00000007a6080000)
  to   space 70144K, 0% used [0x00000007a9500000,0x00000007a9500000,0x00000007ad980000)
 ParOldGen       total 322560K, used 204467K [0x0000000700a00000, 0x0000000714500000, 0x0000000780380000)
  object space 322560K, 63% used [0x0000000700a00000,0x000000070d1ace70,0x0000000714500000)
 Metaspace       used 39619K, capacity 39983K, committed 40448K, reserved 1085440K
  class space    used 4640K, capacity 4754K, committed 4864K, reserved 1048576K
}

Deoptimization events (10 events):
Event: 95.385 Thread 0x000000002ec09800 Uncommon trap: reason=unstable_if action=reinterpret pc=0x0000000003984d14 method=io.netty.channel.local.LocalChannel.isActive()Z @ 5
Event: 95.386 Thread 0x000000002ec04000 Uncommon trap: reason=unstable_if action=reinterpret pc=0x0000000003345930 method=io.netty.util.concurrent.SingleThreadEventExecutor.execute(Ljava/lang/Runnable;)V @ 20
Event: 95.386 Thread 0x000000002ec09800 Uncommon trap: reason=unstable_if action=reinterpret pc=0x0000000003345930 method=io.netty.util.concurrent.SingleThreadEventExecutor.execute(Ljava/lang/Runnable;)V @ 20
Event: 95.386 Thread 0x000000002ec04000 Uncommon trap: reason=unstable_if action=reinterpret pc=0x000000000354d274 method=io.netty.channel.nio.NioEventLoop.wakeup(Z)V @ 1
Event: 95.386 Thread 0x000000002ec09800 Uncommon trap: reason=unstable_if action=reinterpret pc=0x000000000354d274 method=io.netty.channel.nio.NioEventLoop.wakeup(Z)V @ 1
Event: 95.386 Thread 0x000000002ec04000 Uncommon trap: reason=class_check action=maybe_recompile pc=0x0000000003ed89f4 method=java.util.HashSet.remove(Ljava/lang/Object;)Z @ 5
Event: 95.386 Thread 0x000000002ec09800 Uncommon trap: reason=class_check action=maybe_recompile pc=0x0000000003ed89f4 method=java.util.HashSet.remove(Ljava/lang/Object;)Z @ 5
Event: 95.418 Thread 0x000000002ec08000 Uncommon trap: reason=class_check action=maybe_recompile pc=0x0000000003ed89f4 method=java.util.HashSet.remove(Ljava/lang/Object;)Z @ 5
Event: 97.325 Thread 0x00000000023f4800 Uncommon trap: reason=unstable_if action=reinterpret pc=0x00000000029e9610 method=cpw.mods.fml.relauncher.FMLSecurityManager.checkPermission(Ljava/security/Permission;)V @ 23
Event: 97.330 Thread 0x000000002ec05800 Uncommon trap: reason=unstable_if action=reinterpret pc=0x000000000409ad50 method=java.util.concurrent.locks.ReentrantLock$Sync.nonfairTryAcquire(I)Z @ 34

Internal exceptions (10 events):
Event: 95.234 Thread 0x000000002ec0b000 Exception <a 'java/lang/InterruptedException': sleep interrupted> (0x00000007810b5770) thrown at [C:\re\workspace\8-2-build-windows-amd64-cygwin\jdk8u66\5298\hotspot\src\share\vm\prims\jvm.cpp, line 3215]
Event: 95.250 Thread 0x000000002ec0b000 Exception <a 'java/lang/InterruptedException': sleep interrupted> (0x00000007810b59c8) thrown at [C:\re\workspace\8-2-build-windows-amd64-cygwin\jdk8u66\5298\hotspot\src\share\vm\prims\jvm.cpp, line 3215]
Event: 95.269 Thread 0x000000002ec0b000 Exception <a 'java/lang/InterruptedException': sleep interrupted> (0x00000007810b5c20) thrown at [C:\re\workspace\8-2-build-windows-amd64-cygwin\jdk8u66\5298\hotspot\src\share\vm\prims\jvm.cpp, line 3215]
Event: 95.288 Thread 0x000000002ec0b000 Exception <a 'java/lang/InterruptedException': sleep interrupted> (0x00000007810b5e78) thrown at [C:\re\workspace\8-2-build-windows-amd64-cygwin\jdk8u66\5298\hotspot\src\share\vm\prims\jvm.cpp, line 3215]
Event: 95.304 Thread 0x000000002ec0b000 Exception <a 'java/lang/InterruptedException': sleep interrupted> (0x00000007810b60d0) thrown at [C:\re\workspace\8-2-build-windows-amd64-cygwin\jdk8u66\5298\hotspot\src\share\vm\prims\jvm.cpp, line 3215]
Event: 95.322 Thread 0x000000002ec0b000 Exception <a 'java/lang/InterruptedException': sleep interrupted> (0x00000007810b6328) thrown at [C:\re\workspace\8-2-build-windows-amd64-cygwin\jdk8u66\5298\hotspot\src\share\vm\prims\jvm.cpp, line 3215]
Event: 95.339 Thread 0x000000002ec0b000 Exception <a 'java/lang/InterruptedException': sleep interrupted> (0x00000007810b6580) thrown at [C:\re\workspace\8-2-build-windows-amd64-cygwin\jdk8u66\5298\hotspot\src\share\vm\prims\jvm.cpp, line 3215]
Event: 95.363 Thread 0x000000002ec0b000 Exception <a 'java/lang/InterruptedException': sleep interrupted> (0x00000007810b67d8) thrown at [C:\re\workspace\8-2-build-windows-amd64-cygwin\jdk8u66\5298\hotspot\src\share\vm\prims\jvm.cpp, line 3215]
Event: 96.902 Thread 0x000000002ec0b000 Exception <a 'java/lang/InterruptedException': sleep interrupted> (0x0000000781111830) thrown at [C:\re\workspace\8-2-build-windows-amd64-cygwin\jdk8u66\5298\hotspot\src\share\vm\prims\jvm.cpp, line 3215]
Event: 97.002 Thread 0x000000002ec07000 Exception <a 'java/lang/InterruptedException': sleep interrupted> (0x0000000781166b50) thrown at [C:\re\workspace\8-2-build-windows-amd64-cygwin\jdk8u66\5298\hotspot\src\share\vm\prims\jvm.cpp, line 3215]

Events (10 events):
Event: 97.328 loading class javax/servlet/ServletContext
Event: 97.328 loading class javax/servlet/ServletContext done
Event: 97.329 loading class javax/servlet/ServletContext
Event: 97.329 loading class javax/servlet/ServletContext done
Event: 97.330 Thread 0x000000002ec05800 Uncommon trap: trap_request=0xffffff65 fr.pc=0x000000000409ad50
Event: 97.330 Thread 0x000000002ec05800 DEOPT PACKING pc=0x000000000409ad50 sp=0x000000004e95f450
Event: 97.330 Thread 0x000000002ec05800 DEOPT UNPACKING pc=0x000000000253582a sp=0x000000004e95f3d8 mode 2
Event: 97.335 Thread 0x000000002ec06800 Thread exited: 0x000000002ec06800
Event: 97.335 Thread 0x000000002ec05800 Thread exited: 0x000000002ec05800
Event: 97.335 Executing VM operation: Exit


Dynamic libraries:
0x00007ff613990000 - 0x00007ff6139c7000 	C:\Program Files\Java\jre1.8.0_66\bin\javaw.exe
0x00007fffd6900000 - 0x00007fffd6ac1000 	C:\WINDOWS\SYSTEM32\ntdll.dll
0x00007fffd6780000 - 0x00007fffd682d000 	C:\WINDOWS\system32\KERNEL32.DLL
0x00007fffd3a60000 - 0x00007fffd3c48000 	C:\WINDOWS\system32\KERNELBASE.dll
0x00007fffd3cf0000 - 0x00007fffd3d97000 	C:\WINDOWS\system32\ADVAPI32.dll
0x00007fffd3f50000 - 0x00007fffd3fed000 	C:\WINDOWS\system32\msvcrt.dll
0x00007fffd5dd0000 - 0x00007fffd5e2b000 	C:\WINDOWS\system32\sechost.dll
0x00007fffd64e0000 - 0x00007fffd65fc000 	C:\WINDOWS\system32\RPCRT4.dll
0x00007fffd40f0000 - 0x00007fffd4246000 	C:\WINDOWS\system32\USER32.dll
0x00007fffd5c40000 - 0x00007fffd5dc6000 	C:\WINDOWS\system32\GDI32.dll
0x00007fffbafe0000 - 0x00007fffbb254000 	C:\WINDOWS\WinSxS\amd64_microsoft.windows.common-controls_6595b64144ccf1df_6.0.10586.0_none_8c15ae12515e1c22\COMCTL32.dll
0x00007fffd6260000 - 0x00007fffd64dd000 	C:\WINDOWS\system32\combase.dll
0x00007fffd33a0000 - 0x00007fffd340a000 	C:\WINDOWS\system32\bcryptPrimitives.dll
0x00007fffd4480000 - 0x00007fffd44bb000 	C:\WINDOWS\system32\IMM32.DLL
0x00000000571e0000 - 0x00000000572b2000 	C:\Program Files\Java\jre1.8.0_66\bin\msvcr100.dll
0x0000000051760000 - 0x0000000051fe9000 	C:\Program Files\Java\jre1.8.0_66\bin\server\jvm.dll
0x00007fffd40e0000 - 0x00007fffd40e8000 	C:\WINDOWS\system32\PSAPI.DLL
0x00007fffc81a0000 - 0x00007fffc81a9000 	C:\WINDOWS\SYSTEM32\WSOCK32.dll
0x00007fffceaa0000 - 0x00007fffceaaa000 	C:\WINDOWS\SYSTEM32\VERSION.dll
0x00007fffd16b0000 - 0x00007fffd16d3000 	C:\WINDOWS\SYSTEM32\WINMM.dll
0x00007fffd4410000 - 0x00007fffd447b000 	C:\WINDOWS\system32\WS2_32.dll
0x0000000002170000 - 0x000000000219c000 	C:\WINDOWS\SYSTEM32\WINMMBASE.dll
0x00007fffd2f90000 - 0x00007fffd2fd3000 	C:\WINDOWS\system32\cfgmgr32.dll
0x0000000057380000 - 0x000000005738f000 	C:\Program Files\Java\jre1.8.0_66\bin\verify.dll
0x0000000057350000 - 0x0000000057379000 	C:\Program Files\Java\jre1.8.0_66\bin\java.dll
0x0000000057330000 - 0x0000000057346000 	C:\Program Files\Java\jre1.8.0_66\bin\zip.dll
0x00007fffd46e0000 - 0x00007fffd5c3f000 	C:\WINDOWS\system32\SHELL32.dll
0x00007fffd3410000 - 0x00007fffd3a54000 	C:\WINDOWS\system32\windows.storage.dll
0x00007fffd45d0000 - 0x00007fffd4622000 	C:\WINDOWS\system32\shlwapi.dll
0x00007fffd2f00000 - 0x00007fffd2f0f000 	C:\WINDOWS\system32\kernel.appcore.dll
0x00007fffd32e0000 - 0x00007fffd3395000 	C:\WINDOWS\system32\shcore.dll
0x00007fffd2f10000 - 0x00007fffd2f5b000 	C:\WINDOWS\system32\powrprof.dll
0x00007fffd2f70000 - 0x00007fffd2f84000 	C:\WINDOWS\system32\profapi.dll
0x00000000573c0000 - 0x00000000573cd000 	C:\Program Files\Java\jre1.8.0_66\bin\management.dll
0x0000000057310000 - 0x000000005732a000 	C:\Program Files\Java\jre1.8.0_66\bin\net.dll
0x00007fffd2830000 - 0x00007fffd288c000 	C:\WINDOWS\system32\mswsock.dll
0x00000000572f0000 - 0x0000000057301000 	C:\Program Files\Java\jre1.8.0_66\bin\nio.dll
0x00007fffcc0f0000 - 0x00007fffcc106000 	C:\WINDOWS\system32\napinsp.dll
0x00007fffcc110000 - 0x00007fffcc12a000 	C:\WINDOWS\system32\pnrpnsp.dll
0x00007fffd0f30000 - 0x00007fffd0f48000 	C:\WINDOWS\system32\NLAapi.dll
0x00007fffd1920000 - 0x00007fffd19ca000 	C:\WINDOWS\SYSTEM32\DNSAPI.dll
0x00007fffd3ce0000 - 0x00007fffd3ce8000 	C:\WINDOWS\system32\NSI.dll
0x00007fffcc130000 - 0x00007fffcc13d000 	C:\WINDOWS\System32\winrnr.dll
0x00007fffcecc0000 - 0x00007fffcecca000 	C:\Windows\System32\rasadhlp.dll
0x00007fffcfd30000 - 0x00007fffcfd68000 	C:\WINDOWS\SYSTEM32\IPHLPAPI.DLL
0x00007fffd01c0000 - 0x00007fffd0227000 	C:\WINDOWS\System32\fwpuclnt.dll
0x00007fffd2b00000 - 0x00007fffd2b29000 	C:\WINDOWS\SYSTEM32\bcrypt.dll
0x0000000180000000 - 0x0000000180051000 	C:\Users\FTBModified\.gradle\caches\minecraft\net\minecraft\minecraft_natives\1.7.10\lwjgl64.dll
0x00007fffb2340000 - 0x00007fffb2469000 	C:\WINDOWS\SYSTEM32\OPENGL32.dll
0x00007fffcaef0000 - 0x00007fffcaf1e000 	C:\WINDOWS\SYSTEM32\GLU32.dll
0x00007fffac3a0000 - 0x00007fffac49a000 	C:\WINDOWS\SYSTEM32\DDRAW.dll
0x00007fffd1590000 - 0x00007fffd1598000 	C:\WINDOWS\SYSTEM32\DCIMAN32.dll
0x00007fffd28e0000 - 0x00007fffd28f7000 	C:\WINDOWS\SYSTEM32\CRYPTSP.dll
0x00007fffd2570000 - 0x00007fffd25a4000 	C:\WINDOWS\system32\rsaenh.dll
0x00007fffd26c0000 - 0x00007fffd26df000 	C:\WINDOWS\SYSTEM32\USERENV.dll
0x00007fffd3110000 - 0x00007fffd32d7000 	C:\WINDOWS\system32\CRYPT32.dll
0x00007fffd2f60000 - 0x00007fffd2f70000 	C:\WINDOWS\system32\MSASN1.dll
0x00007fffd25b0000 - 0x00007fffd25ba000 	C:\WINDOWS\SYSTEM32\DPAPI.dll
0x00007fffd2a00000 - 0x00007fffd2a0b000 	C:\WINDOWS\SYSTEM32\CRYPTBASE.dll
0x00007fffcfb60000 - 0x00007fffcfb76000 	C:\WINDOWS\SYSTEM32\dhcpcsvc6.DLL
0x00007fffcfa50000 - 0x00007fffcfa6a000 	C:\WINDOWS\SYSTEM32\dhcpcsvc.DLL
0x0000000057040000 - 0x00000000571d8000 	C:\Program Files\Java\jre1.8.0_66\bin\awt.dll
0x00007fffd6830000 - 0x00007fffd68f1000 	C:\WINDOWS\system32\OLEAUT32.dll
0x00007fffd15a0000 - 0x00007fffd1619000 	C:\WINDOWS\system32\apphelp.dll
0x00007fffd1880000 - 0x00007fffd1916000 	C:\WINDOWS\system32\uxtheme.dll
0x00007fffd6600000 - 0x00007fffd675a000 	C:\WINDOWS\system32\MSCTF.dll
0x00007fffd1560000 - 0x00007fffd1588000 	C:\Program Files (x86)\Raptr\ltc_help64-106568.dll
0x00007fffd2fe0000 - 0x00007fffd3035000 	C:\WINDOWS\system32\WINTRUST.dll
0x00007fffd0da0000 - 0x00007fffd0dc2000 	C:\WINDOWS\system32\dwmapi.dll
0x00007fffcc3c0000 - 0x00007fffcc3d8000 	C:\WINDOWS\SYSTEM32\atig6pxx.dll
0x00000000540f0000 - 0x0000000055f87000 	C:\WINDOWS\SYSTEM32\atio6axx.dll
0x00007fffd5e30000 - 0x00007fffd6259000 	C:\WINDOWS\system32\SETUPAPI.dll
0x00007fffb1550000 - 0x00007fffb1698000 	C:\WINDOWS\SYSTEM32\atiadlxx.dll
0x00007fffd4250000 - 0x00007fffd4393000 	C:\WINDOWS\system32\ole32.dll
0x00007fffd0f10000 - 0x00007fffd0f23000 	C:\WINDOWS\SYSTEM32\WTSAPI32.dll
0x00007fffcfba0000 - 0x00007fffcfd26000 	C:\WINDOWS\SYSTEM32\PROPSYS.dll
0x00007fffd19d0000 - 0x00007fffd19f7000 	C:\WINDOWS\SYSTEM32\DEVOBJ.dll
0x00007fffcaaf0000 - 0x00007fffcab1c000 	C:\WINDOWS\SYSTEM32\atig6txx.dll
0x00007fffb9890000 - 0x00007fffb9921000 	C:\WINDOWS\SYSTEM32\mscms.dll
0x00007fffc0890000 - 0x00007fffc08d2000 	C:\WINDOWS\SYSTEM32\icm32.dll
0x00000000209e0000 - 0x0000000020a44000 	C:\Users\FTBModified\.gradle\caches\minecraft\net\minecraft\minecraft_natives\1.7.10\OpenAL64.dll
0x00007fffd4630000 - 0x00007fffd46d7000 	C:\WINDOWS\system32\clbcatq.dll
0x00007fffcfe10000 - 0x00007fffcfe80000 	C:\WINDOWS\System32\MMDevApi.dll
0x00007fffb0520000 - 0x00007fffb05bc000 	C:\WINDOWS\SYSTEM32\dsound.dll
0x00007fffcb610000 - 0x00007fffcb698000 	C:\WINDOWS\SYSTEM32\AUDIOSES.DLL
0x00007fffcf910000 - 0x00007fffcfa46000 	C:\WINDOWS\SYSTEM32\wintypes.dll
0x00007fffd40c0000 - 0x00007fffd40dc000 	C:\WINDOWS\system32\imagehlp.dll
0x00007fffd1f00000 - 0x00007fffd1f24000 	C:\WINDOWS\SYSTEM32\gpapi.dll
0x00007fffba010000 - 0x00007fffba03f000 	C:\Windows\System32\cryptnet.dll
0x00007fffd04d0000 - 0x00007fffd04db000 	C:\WINDOWS\SYSTEM32\WINNSI.DLL
0x00007fffb1ec0000 - 0x00007fffb2108000 	C:\PROGRA~2\Raptr\ltc_game64-106568.dll
0x00000000572c0000 - 0x00000000572e4000 	C:\Program Files\Java\jre1.8.0_66\bin\sunec.dll
0x00007fffb3af0000 - 0x00007fffb3c7c000 	C:\WINDOWS\SYSTEM32\dbghelp.dll

VM Arguments:
jvm_args: -Dfile.encoding=UTF-8 
java_command: GradleStart
java_class_path (initial): C:\Users\FTBModified\git\mod-ftbmodified\bin;C:\Users\FTBModified\.gradle\caches\minecraft\net\minecraftforge\forge\1.7.10-10.13.4.1448-1.7.10\forgeSrc-1.7.10-10.13.4.1448-1.7.10.jar;C:\Users\FTBModified\.gradle\caches\modules-2\files-2.1\net.minecraft\launchwrapper\1.11\9c0592c6e1e9ea296a70948081bd4cc84dda1289\launchwrapper-1.11.jar;C:\Users\FTBModified\.gradle\caches\modules-2\files-2.1\com.google.code.findbugs\jsr305\1.3.9\40719ea6961c0cb6afaeb6a921eaa1f6afd4cfdf\jsr305-1.3.9.jar;C:\Users\FTBModified\.gradle\caches\modules-2\files-2.1\org.ow2.asm\asm-debug-all\5.0.3\f9e364ae2a66ce2a543012a4668856e84e5dab74\asm-debug-all-5.0.3.jar;C:\Users\FTBModified\.gradle\caches\modules-2\files-2.1\com.typesafe.akka\akka-actor_2.11\2.3.3\ed62e9fc709ca0f2ff1a3220daa8b70a2870078e\akka-actor_2.11-2.3.3.jar;C:\Users\FTBModified\.gradle\caches\modules-2\files-2.1\com.typesafe\config\1.2.1\f771f71fdae3df231bcd54d5ca2d57f0bf93f467\config-1.2.1.jar;C:\Users\FTBModified\.gradle\caches\modules-2\files-2.1\org.scala-lang\scala-actors-migration_2.11\1.1.0\dfa8bc42b181d5b9f1a5dd147f8ae308b893eb6f\scala-actors-migration_2.11-1.1.0.jar;C:\Users\FTBModified\.gradle\caches\modules-2\files-2.1\org.scala-lang\scala-compiler\2.11.1\56ea2e6c025e0821f28d73ca271218b8dd04926a\scala-compiler-2.11.1.jar;C:\Users\FTBModified\.gradle\caches\modules-2\files-2.1\org.scala-lang.plugins\scala-continuations-library_2.11\1.0.2\e517c53a7e9acd6b1668c5a35eccbaa3bab9aac\scala-continuations-library_2.11-1.0.2.jar;C:\Users\FTBModified\.gradle\caches\modules-2\files-2.1\org.scala-lang.plugins\scala-continuations-plugin_2.11.1\1.0.2\f361a3283452c57fa30c1ee69448995de23c60f7\scala-continuations-plugin_2.11.1-1.0.2.jar;C:\Users\FTBModified\.gradle\caches\modules-2\files-2.1\org.scala-lang\scala-library\2.11.1\e11da23da3eabab9f4777b9220e60d44c1aab6a\scala-library-2.11.1.jar;C:\Users\FTBModified\.gradle\caches\modules-2\files-2.1\org.scala-lang\scala-parser-combinators_2.11\1.0.1\f05d7345bf5a58
Launcher Type: SUN_STANDARD

Environment Variables:
PATH=C:/Program Files/Java/jre1.8.0_66/bin/server;C:/Program Files/Java/jre1.8.0_66/bin;C:/Program Files/Java/jre1.8.0_66/lib/amd64;C:\Program Files (x86)\Common Files\Intel\Shared Libraries\redist\intel64\compiler;C:\ProgramData\Oracle\Java\javapath;C:\WINDOWS\system32;C:\WINDOWS;C:\WINDOWS\System32\Wbem;C:\WINDOWS\System32\WindowsPowerShell\v1.0\;C:\Program Files (x86)\ATI Technologies\ATI.ACE\Core-Static;C:\Program Files (x86)\Skype\Phone\;C:\Program Files\Git\cmd;C:\Program Files\Git\mingw64\bin;C:\Program Files\Git\usr\bin;C:\Program Files\nodejs\;C:\Users\FTBModified\PhpstormProjects\FTB_Modified\platforms\android\cordova;C:\Program Files (x86)\GNU\GnuPG\pub;C:\Program Files (x86)\AMD\ATI.ACE\Core-Static;I:\eclipse IDE\eclipse;
USERNAME=alan
OS=Windows_NT
PROCESSOR_IDENTIFIER=AMD64 Family 21 Model 2 Stepping 0, AuthenticAMD



---------------  S Y S T E M  ---------------

OS: Windows 10.0 , 64 bit Build 10586 (10.0.10586.0)

CPU:total 6 (6 cores per cpu, 1 threads per core) family 21 model 2 stepping 0, cmov, cx8, fxsr, mmx, sse, sse2, sse3, ssse3, sse4.1, sse4.2, popcnt, avx, aes, clmul, mmxext, 3dnowpref, lzcnt, sse4a, tsc, tscinvbit, tscinv, bmi1

Memory: 4k page, physical 12535000k(3714396k free), swap 25117912k(11691756k free)

vm_info: Java HotSpot(TM) 64-Bit Server VM (25.66-b18) for windows-amd64 JRE (1.8.0_66-b18), built on Nov  9 2015 10:51:13 by "java_re" with MS VC++ 10.0 (VS2010)

time: Tue Dec 22 22:17:01 2015
elapsed time: 97 seconds (0d 0h 1m 37s)

