#
# A fatal error has been detected by the Java Runtime Environment:
#
#  EXCEPTION_ACCESS_VIOLATION (0xc0000005) at pc=0x00007fffb2422224, pid=10496, tid=16256
#
# JRE version: Java(TM) SE Runtime Environment (8.0_66-b18) (build 1.8.0_66-b18)
# Java VM: Java HotSpot(TM) 64-Bit Server VM (25.66-b18 mixed mode windows-amd64 compressed oops)
# Problematic frame:
# C  [OPENGL32.dll+0xe2224]
#
# Failed to write core dump. Minidumps are not enabled by default on client versions of Windows
#
# If you would like to submit a bug report, please visit:
#   http://bugreport.java.com/bugreport/crash.jsp
#

---------------  T H R E A D  ---------------

Current thread (0x0000000019797800):  VMThread [stack: 0x000000001ae80000,0x000000001af80000] [id=16256]

siginfo: ExceptionCode=0xc0000005, reading address 0x0000000000000a38

Registers:
RAX=0x0000000000000000, RBX=0x0000000021d14b70, RCX=0x0000000000000001, RDX=0x0000000021d14b78
RSP=0x000000001af7f348, RBP=0x0000000000000000, RSI=0x0000000021d18e60, RDI=0x0000000021d18e60
R8 =0x000000001af7f3c8, R9 =0x0000000019665500, R10=0x0000000000000000, R11=0x0000000000000246
R12=0x0000000000000000, R13=0x0000000020df8dc0, R14=0x0000000020df8c70, R15=0x0000000000000000
RIP=0x00007fffb2422224, EFLAGS=0x0000000000010287

Top of Stack: (sp=0x000000001af7f348)
0x000000001af7f348:   00007fffb1f2244b 0000000020df8dc0
0x000000001af7f358:   0000000000000001 0000000020df0000
0x000000001af7f368:   00007fffd69207d9 0000000000000000
0x000000001af7f378:   00007fffb1f27f17 0000000000000000
0x000000001af7f388:   0000000000000000 0000000020df8da0
0x000000001af7f398:   00007fffb1f27283 fffffffffffffffe
0x000000001af7f3a8:   000000001af7f410 0000000000000000
0x000000001af7f3b8:   00007fffb1f287c9 0000000021d18e60
0x000000001af7f3c8:   0000000021d19e40 0000000019665500
0x000000001af7f3d8:   00007fffb1fa5700 fffffffffffffffe
0x000000001af7f3e8:   0000000020dfb2c0 0000000000000001
0x000000001af7f3f8:   0000000020df8d98 0000000020df8c70
0x000000001af7f408:   00007fffb1fad7ad 00007fffb20e65b0
0x000000001af7f418:   00007fffb2011930 0000000019665500
0x000000001af7f428:   00007fffd6972827 0000000020df8d98
0x000000001af7f438:   0000000020df8c70 0000000020df8c70 

Instructions: (pc=0x00007fffb2422224)
0x00007fffb2422204:   cc cc cc cc cc cc 66 0f 1f 44 00 00 8b 05 f2 7d
0x00007fffb2422214:   01 00 83 f8 40 73 0f 65 48 8b 04 c5 80 14 00 00
0x00007fffb2422224:   ff a0 38 0a 00 00 b8 47 01 00 00 e9 ec d4 ff ff
0x00007fffb2422234:   cc cc cc cc cc cc 66 0f 1f 44 00 00 8b 05 c2 7d 


Register to memory mapping:

RAX=0x0000000000000000 is an unknown value
RBX=0x0000000021d14b70 is an unknown value
RCX=0x0000000000000001 is an unknown value
RDX=0x0000000021d14b78 is an unknown value
RSP=0x000000001af7f348 is an unknown value
RBP=0x0000000000000000 is an unknown value
RSI=0x0000000021d18e60 is an unknown value
RDI=0x0000000021d18e60 is an unknown value
R8 =0x000000001af7f3c8 is an unknown value
R9 =0x0000000019665500 is an unknown value
R10=0x0000000000000000 is an unknown value
R11=0x0000000000000246 is an unknown value
R12=0x0000000000000000 is an unknown value
R13=0x0000000020df8dc0 is an unknown value
R14=0x0000000020df8c70 is an unknown value
R15=0x0000000000000000 is an unknown value


Stack: [0x000000001ae80000,0x000000001af80000],  sp=0x000000001af7f348,  free space=1020k
Native frames: (J=compiled Java code, j=interpreted, Vv=VM code, C=native code)

VM_Operation (0x000000000233e1e0): Exit, mode: safepoint, requested by thread 0x0000000002344800


---------------  P R O C E S S  ---------------

Java Threads: ( => current thread )
  0x000000001f920000 JavaThread "File IO Thread" [_thread_blocked, id=14996, stack(0x00000000417e0000,0x00000000418e0000)]
  0x000000001f923000 JavaThread "Chunk I/O Executor Thread-1" daemon [_thread_blocked, id=820, stack(0x000000003b0d0000,0x000000003b1d0000)]
  0x000000001f91e800 JavaThread "Netty IO #1" daemon [_thread_blocked, id=11756, stack(0x000000003afd0000,0x000000003b0d0000)]
  0x00000000197e2000 JavaThread "Netty Client IO #0" daemon [_thread_blocked, id=5700, stack(0x000000003aed0000,0x000000003afd0000)]
  0x00000000197e0800 JavaThread "Netty IO #0" daemon [_thread_blocked, id=12160, stack(0x000000003ac10000,0x000000003ad10000)]
  0x000000001f6a4800 JavaThread "LWJGL Timer" daemon [_thread_blocked, id=12312, stack(0x000000002eeb0000,0x000000002efb0000)]
  0x000000001c9ae000 JavaThread "Java2D Disposer" daemon [_thread_blocked, id=8672, stack(0x0000000021f10000,0x0000000022010000)]
  0x000000001c223000 JavaThread "Timer hack thread" daemon [_thread_blocked, id=10372, stack(0x0000000021810000,0x0000000021910000)]
  0x000000001f28c000 JavaThread "Snooper Timer" daemon [_thread_blocked, id=11680, stack(0x0000000021710000,0x0000000021810000)]
  0x000000001d28d000 JavaThread "SeedGenerator Thread" daemon [_thread_blocked, id=972, stack(0x0000000020070000,0x0000000020170000)]
  0x00000000197ee000 JavaThread "Service Thread" daemon [_thread_blocked, id=5544, stack(0x000000001bb90000,0x000000001bc90000)]
  0x00000000197e2800 JavaThread "C1 CompilerThread2" daemon [_thread_blocked, id=15324, stack(0x000000001b690000,0x000000001b790000)]
  0x00000000197da000 JavaThread "C2 CompilerThread1" daemon [_thread_blocked, id=16212, stack(0x000000001b590000,0x000000001b690000)]
  0x00000000197d6800 JavaThread "C2 CompilerThread0" daemon [_thread_blocked, id=10368, stack(0x000000001b490000,0x000000001b590000)]
  0x00000000197d2000 JavaThread "Attach Listener" daemon [_thread_blocked, id=15476, stack(0x000000001b390000,0x000000001b490000)]
  0x00000000197d0800 JavaThread "Signal Dispatcher" daemon [_thread_blocked, id=16352, stack(0x000000001b290000,0x000000001b390000)]
  0x000000000243b000 JavaThread "Finalizer" daemon [_thread_blocked, id=3864, stack(0x000000001b080000,0x000000001b180000)]
  0x0000000002434000 JavaThread "Reference Handler" daemon [_thread_blocked, id=14736, stack(0x000000001af80000,0x000000001b080000)]
  0x0000000002344800 JavaThread "Client thread" [_thread_blocked, id=5276, stack(0x0000000002240000,0x0000000002340000)]

Other Threads:
=>0x0000000019797800 VMThread [stack: 0x000000001ae80000,0x000000001af80000] [id=16256]

VM state:at safepoint (shutting down)

VM Mutex/Monitor currently owned by a thread:  ([mutex/lock_event])
[0x0000000002341ad0] Threads_lock - owner thread: 0x0000000019797800

Heap:
 PSYoungGen      total 726528K, used 23933K [0x0000000780380000, 0x00000007b1100000, 0x00000007c0000000)
  eden space 659968K, 3% used [0x0000000780380000,0x0000000781adf7f0,0x00000007a8800000)
  from space 66560K, 0% used [0x00000007a8800000,0x00000007a8800000,0x00000007ac900000)
  to   space 70144K, 0% used [0x00000007acc80000,0x00000007acc80000,0x00000007b1100000)
 ParOldGen       total 325632K, used 217221K [0x0000000700a00000, 0x0000000714800000, 0x0000000780380000)
  object space 325632K, 66% used [0x0000000700a00000,0x000000070de215b8,0x0000000714800000)
 Metaspace       used 39253K, capacity 39657K, committed 40192K, reserved 1085440K
  class space    used 4628K, capacity 4753K, committed 4864K, reserved 1048576K

Card table byte_map: [0x0000000011800000,0x0000000011e00000] byte_map_base: 0x000000000dffb000

Marking Bits: (ParMarkBitMap*) 0x0000000051f6a5b0
 Begin Bits: [0x0000000012800000, 0x00000000157d8000)
 End Bits:   [0x00000000157d8000, 0x00000000187b0000)

Polling page: 0x00000000009a0000

CodeCache: size=245760Kb used=25465Kb max_used=29376Kb free=220294Kb
 bounds [0x0000000002440000, 0x0000000004180000, 0x0000000011440000]
 total_blobs=7224 nmethods=6440 adapters=695
 compilation: enabled

Compilation events (10 events):
Event: 1009.070 Thread 0x00000000197e2800 9444       3       net.minecraft.client.gui.GuiMainMenu::drawPanorama (507 bytes)
Event: 1009.098 Thread 0x00000000197e2800 nmethod 9444 0x0000000003f14c10 code [0x0000000003f164e0, 0x0000000003f248d8]
Event: 1009.429 Thread 0x00000000197e2800 9445       3       net.minecraft.client.gui.GuiScreen::handleMouseInput (192 bytes)
Event: 1009.430 Thread 0x00000000197e2800 nmethod 9445 0x0000000002f1d3d0 code [0x0000000002f1d640, 0x0000000002f1e888]
Event: 1010.559 Thread 0x00000000197e2800 9446       3       java.util.logging.LogManager$LoggerContext::ensureDefaultLogger (70 bytes)
Event: 1010.560 Thread 0x00000000197e2800 nmethod 9446 0x000000000300d990 code [0x000000000300db40, 0x000000000300e3e8]
Event: 1010.563 Thread 0x00000000197e2800 9447       3       org.apache.logging.log4j.core.helpers.NameUtil::getSubName (32 bytes)
Event: 1010.563 Thread 0x00000000197e2800 nmethod 9447 0x0000000002a8f7d0 code [0x0000000002a8f960, 0x0000000002a8fef8]
Event: 1010.564 Thread 0x00000000197e2800 9448       1       org.apache.logging.log4j.core.config.LoggerConfig::getLevel (5 bytes)
Event: 1010.564 Thread 0x00000000197e2800 nmethod 9448 0x000000000329b7d0 code [0x000000000329b920, 0x000000000329ba30]

GC Heap History (10 events):
Event: 43.628 GC heap before
{Heap before GC invocations=23 (full 7):
 PSYoungGen      total 609280K, used 556032K [0x0000000780380000, 0x00000007a9180000, 0x00000007c0000000)
  eden space 556032K, 100% used [0x0000000780380000,0x00000007a2280000,0x00000007a2280000)
  from space 53248K, 0% used [0x00000007a5d80000,0x00000007a5d80000,0x00000007a9180000)
  to   space 56832K, 0% used [0x00000007a2280000,0x00000007a2280000,0x00000007a5a00000)
 ParOldGen       total 176640K, used 138139K [0x0000000700a00000, 0x000000070b680000, 0x0000000780380000)
  object space 176640K, 78% used [0x0000000700a00000,0x00000007090e6d20,0x000000070b680000)
 Metaspace       used 38809K, capacity 39145K, committed 39680K, reserved 1083392K
  class space    used 4613K, capacity 4753K, committed 4864K, reserved 1048576K
Event: 43.929 GC heap after
Heap after GC invocations=23 (full 7):
 PSYoungGen      total 609280K, used 28989K [0x0000000780380000, 0x00000007a9180000, 0x00000007c0000000)
  eden space 556032K, 5% used [0x0000000780380000,0x0000000781fcf470,0x00000007a2280000)
  from space 53248K, 0% used [0x00000007a5d80000,0x00000007a5d80000,0x00000007a9180000)
  to   space 56832K, 0% used [0x00000007a2280000,0x00000007a2280000,0x00000007a5a00000)
 ParOldGen       total 325632K, used 176548K [0x0000000700a00000, 0x0000000714800000, 0x0000000780380000)
  object space 325632K, 54% used [0x0000000700a00000,0x000000070b669200,0x0000000714800000)
 Metaspace       used 38809K, capacity 39145K, committed 39680K, reserved 1083392K
  class space    used 4613K, capacity 4753K, committed 4864K, reserved 1048576K
}
Event: 243.128 GC heap before
{Heap before GC invocations=24 (full 7):
 PSYoungGen      total 609280K, used 556032K [0x0000000780380000, 0x00000007a9180000, 0x00000007c0000000)
  eden space 556032K, 100% used [0x0000000780380000,0x00000007a2280000,0x00000007a2280000)
  from space 53248K, 0% used [0x00000007a5d80000,0x00000007a5d80000,0x00000007a9180000)
  to   space 56832K, 0% used [0x00000007a2280000,0x00000007a2280000,0x00000007a5a00000)
 ParOldGen       total 325632K, used 176548K [0x0000000700a00000, 0x0000000714800000, 0x0000000780380000)
  object space 325632K, 54% used [0x0000000700a00000,0x000000070b669200,0x0000000714800000)
 Metaspace       used 39162K, capacity 39529K, committed 39936K, reserved 1085440K
  class space    used 4618K, capacity 4753K, committed 4864K, reserved 1048576K
Event: 243.168 GC heap after
Heap after GC invocations=24 (full 7):
 PSYoungGen      total 612864K, used 42767K [0x0000000780380000, 0x00000007b1580000, 0x00000007c0000000)
  eden space 556032K, 0% used [0x0000000780380000,0x0000000780380000,0x00000007a2280000)
  from space 56832K, 75% used [0x00000007a2280000,0x00000007a4c43ca0,0x00000007a5a00000)
  to   space 61952K, 0% used [0x00000007ad900000,0x00000007ad900000,0x00000007b1580000)
 ParOldGen       total 325632K, used 176556K [0x0000000700a00000, 0x0000000714800000, 0x0000000780380000)
  object space 325632K, 54% used [0x0000000700a00000,0x000000070b66b200,0x0000000714800000)
 Metaspace       used 39162K, capacity 39529K, committed 39936K, reserved 1085440K
  class space    used 4618K, capacity 4753K, committed 4864K, reserved 1048576K
}
Event: 611.104 GC heap before
{Heap before GC invocations=25 (full 7):
 PSYoungGen      total 612864K, used 598799K [0x0000000780380000, 0x00000007b1580000, 0x00000007c0000000)
  eden space 556032K, 100% used [0x0000000780380000,0x00000007a2280000,0x00000007a2280000)
  from space 56832K, 75% used [0x00000007a2280000,0x00000007a4c43ca0,0x00000007a5a00000)
  to   space 61952K, 0% used [0x00000007ad900000,0x00000007ad900000,0x00000007b1580000)
 ParOldGen       total 325632K, used 176556K [0x0000000700a00000, 0x0000000714800000, 0x0000000780380000)
  object space 325632K, 54% used [0x0000000700a00000,0x000000070b66b200,0x0000000714800000)
 Metaspace       used 39164K, capacity 39529K, committed 39936K, reserved 1085440K
  class space    used 4618K, capacity 4753K, committed 4864K, reserved 1048576K
Event: 611.144 GC heap after
Heap after GC invocations=25 (full 7):
 PSYoungGen      total 710144K, used 45197K [0x0000000780380000, 0x00000007b0a00000, 0x00000007c0000000)
  eden space 659968K, 0% used [0x0000000780380000,0x0000000780380000,0x00000007a8800000)
  from space 50176K, 90% used [0x00000007ad900000,0x00000007b0523430,0x00000007b0a00000)
  to   space 66560K, 0% used [0x00000007a8800000,0x00000007a8800000,0x00000007ac900000)
 ParOldGen       total 325632K, used 176564K [0x0000000700a00000, 0x0000000714800000, 0x0000000780380000)
  object space 325632K, 54% used [0x0000000700a00000,0x000000070b66d200,0x0000000714800000)
 Metaspace       used 39164K, capacity 39529K, committed 39936K, reserved 1085440K
  class space    used 4618K, capacity 4753K, committed 4864K, reserved 1048576K
}
Event: 1008.093 GC heap before
{Heap before GC invocations=26 (full 7):
 PSYoungGen      total 710144K, used 583453K [0x0000000780380000, 0x00000007b0a00000, 0x00000007c0000000)
  eden space 659968K, 81% used [0x0000000780380000,0x00000007a1124118,0x00000007a8800000)
  from space 50176K, 90% used [0x00000007ad900000,0x00000007b0523430,0x00000007b0a00000)
  to   space 66560K, 0% used [0x00000007a8800000,0x00000007a8800000,0x00000007ac900000)
 ParOldGen       total 325632K, used 176564K [0x0000000700a00000, 0x0000000714800000, 0x0000000780380000)
  object space 325632K, 54% used [0x0000000700a00000,0x000000070b66d200,0x0000000714800000)
 Metaspace       used 39220K, capacity 39657K, committed 40192K, reserved 1085440K
  class space    used 4625K, capacity 4753K, committed 4864K, reserved 1048576K
Event: 1008.122 GC heap after
Heap after GC invocations=26 (full 7):
 PSYoungGen      total 726528K, used 45247K [0x0000000780380000, 0x00000007b1100000, 0x00000007c0000000)
  eden space 659968K, 0% used [0x0000000780380000,0x0000000780380000,0x00000007a8800000)
  from space 66560K, 67% used [0x00000007a8800000,0x00000007ab42fc70,0x00000007ac900000)
  to   space 70144K, 0% used [0x00000007acc80000,0x00000007acc80000,0x00000007b1100000)
 ParOldGen       total 325632K, used 176572K [0x0000000700a00000, 0x0000000714800000, 0x0000000780380000)
  object space 325632K, 54% used [0x0000000700a00000,0x000000070b66f200,0x0000000714800000)
 Metaspace       used 39220K, capacity 39657K, committed 40192K, reserved 1085440K
  class space    used 4625K, capacity 4753K, committed 4864K, reserved 1048576K
}
Event: 1008.122 GC heap before
{Heap before GC invocations=27 (full 8):
 PSYoungGen      total 726528K, used 45247K [0x0000000780380000, 0x00000007b1100000, 0x00000007c0000000)
  eden space 659968K, 0% used [0x0000000780380000,0x0000000780380000,0x00000007a8800000)
  from space 66560K, 67% used [0x00000007a8800000,0x00000007ab42fc70,0x00000007ac900000)
  to   space 70144K, 0% used [0x00000007acc80000,0x00000007acc80000,0x00000007b1100000)
 ParOldGen       total 325632K, used 176572K [0x0000000700a00000, 0x0000000714800000, 0x0000000780380000)
  object space 325632K, 54% used [0x0000000700a00000,0x000000070b66f200,0x0000000714800000)
 Metaspace       used 39220K, capacity 39657K, committed 40192K, reserved 1085440K
  class space    used 4625K, capacity 4753K, committed 4864K, reserved 1048576K
Event: 1008.584 GC heap after
Heap after GC invocations=27 (full 8):
 PSYoungGen      total 726528K, used 0K [0x0000000780380000, 0x00000007b1100000, 0x00000007c0000000)
  eden space 659968K, 0% used [0x0000000780380000,0x0000000780380000,0x00000007a8800000)
  from space 66560K, 0% used [0x00000007a8800000,0x00000007a8800000,0x00000007ac900000)
  to   space 70144K, 0% used [0x00000007acc80000,0x00000007acc80000,0x00000007b1100000)
 ParOldGen       total 325632K, used 217221K [0x0000000700a00000, 0x0000000714800000, 0x0000000780380000)
  object space 325632K, 66% used [0x0000000700a00000,0x000000070de215b8,0x0000000714800000)
 Metaspace       used 39220K, capacity 39657K, committed 40192K, reserved 1085440K
  class space    used 4625K, capacity 4753K, committed 4864K, reserved 1048576K
}

Deoptimization events (10 events):
Event: 1008.594 Thread 0x0000000002344800 Uncommon trap: reason=class_check action=maybe_recompile pc=0x00000000035e2840 method=net.minecraft.client.gui.GuiScreen.drawScreen(IIF)V @ 28
Event: 1008.594 Thread 0x0000000002344800 Uncommon trap: reason=unstable_if action=reinterpret pc=0x00000000038e249c method=net.minecraft.client.gui.achievement.GuiAchievement.func_146254_a()V @ 4
Event: 1008.594 Thread 0x0000000002344800 Uncommon trap: reason=unstable_if action=reinterpret pc=0x0000000003d8eaa4 method=net.minecraft.client.Minecraft.isSingleplayer()Z @ 4
Event: 1008.594 Thread 0x0000000002344800 Uncommon trap: reason=unstable_if action=reinterpret pc=0x0000000003e0f9d8 method=net.minecraft.client.Minecraft.getLimitFramerate()I @ 4
Event: 1008.594 Thread 0x0000000002344800 Uncommon trap: reason=unstable_if action=reinterpret pc=0x000000000289981c method=net.minecraft.client.renderer.EntityRenderer.getMouseOver(F)V @ 7
Event: 1008.618 Thread 0x0000000002344800 Uncommon trap: reason=class_check action=maybe_recompile pc=0x00000000035e2840 method=net.minecraft.client.gui.GuiScreen.drawScreen(IIF)V @ 28
Event: 1008.625 Thread 0x0000000002344800 Uncommon trap: reason=class_check action=maybe_recompile pc=0x00000000035e2840 method=net.minecraft.client.gui.GuiScreen.drawScreen(IIF)V @ 28
Event: 1008.633 Thread 0x0000000002344800 Uncommon trap: reason=class_check action=maybe_recompile pc=0x00000000035e2840 method=net.minecraft.client.gui.GuiScreen.drawScreen(IIF)V @ 28
Event: 1010.414 Thread 0x0000000002344800 Uncommon trap: reason=unstable_if action=reinterpret pc=0x0000000003aec278 method=java.io.BufferedOutputStream.write([BII)V @ 6
Event: 1010.558 Thread 0x0000000002344800 Uncommon trap: reason=unstable_if action=reinterpret pc=0x0000000002b2b590 method=cpw.mods.fml.relauncher.FMLSecurityManager.checkPermission(Ljava/security/Permission;)V @ 23

Internal exceptions (10 events):
Event: 1007.943 Thread 0x00000000197db800 Exception <a 'java/lang/InterruptedException': sleep interrupted> (0x000000079fa1d6b0) thrown at [C:\re\workspace\8-2-build-windows-amd64-cygwin\jdk8u66\5298\hotspot\src\share\vm\prims\jvm.cpp, line 3215]
Event: 1007.957 Thread 0x00000000197db800 Exception <a 'java/lang/InterruptedException': sleep interrupted> (0x000000079fa1d908) thrown at [C:\re\workspace\8-2-build-windows-amd64-cygwin\jdk8u66\5298\hotspot\src\share\vm\prims\jvm.cpp, line 3215]
Event: 1007.969 Thread 0x00000000197db800 Exception <a 'java/lang/InterruptedException': sleep interrupted> (0x000000079fa1db60) thrown at [C:\re\workspace\8-2-build-windows-amd64-cygwin\jdk8u66\5298\hotspot\src\share\vm\prims\jvm.cpp, line 3215]
Event: 1007.981 Thread 0x00000000197db800 Exception <a 'java/lang/InterruptedException': sleep interrupted> (0x000000079fa1ddb8) thrown at [C:\re\workspace\8-2-build-windows-amd64-cygwin\jdk8u66\5298\hotspot\src\share\vm\prims\jvm.cpp, line 3215]
Event: 1007.993 Thread 0x00000000197db800 Exception <a 'java/lang/InterruptedException': sleep interrupted> (0x000000079fa1e010) thrown at [C:\re\workspace\8-2-build-windows-amd64-cygwin\jdk8u66\5298\hotspot\src\share\vm\prims\jvm.cpp, line 3215]
Event: 1008.004 Thread 0x00000000197db800 Exception <a 'java/lang/InterruptedException': sleep interrupted> (0x000000079fa1e268) thrown at [C:\re\workspace\8-2-build-windows-amd64-cygwin\jdk8u66\5298\hotspot\src\share\vm\prims\jvm.cpp, line 3215]
Event: 1008.586 Thread 0x0000000002344800 Implicit null exception at 0x0000000002647780 to 0x00000000026483f5
Event: 1008.586 Thread 0x0000000002344800 Implicit null exception at 0x00000000038a72f9 to 0x00000000038ab005
Event: 1010.210 Thread 0x00000000197db800 Exception <a 'java/lang/InterruptedException': sleep interrupted> (0x00000007810ab290) thrown at [C:\re\workspace\8-2-build-windows-amd64-cygwin\jdk8u66\5298\hotspot\src\share\vm\prims\jvm.cpp, line 3215]
Event: 1010.310 Thread 0x00000000197dc800 Exception <a 'java/lang/InterruptedException': sleep interrupted> (0x0000000781134978) thrown at [C:\re\workspace\8-2-build-windows-amd64-cygwin\jdk8u66\5298\hotspot\src\share\vm\prims\jvm.cpp, line 3215]

Events (10 events):
Event: 1010.559 loading class org/apache/logging/log4j/core/config/NullConfiguration done
Event: 1010.559 Thread 0x000000001f91e000 Thread exited: 0x000000001f91e000
Event: 1010.559 Thread 0x000000001f921000 Thread exited: 0x000000001f921000
Event: 1010.561 loading class javax/servlet/ServletContext
Event: 1010.561 loading class javax/servlet/ServletContext done
Event: 1010.563 loading class javax/servlet/ServletContext
Event: 1010.563 loading class javax/servlet/ServletContext done
Event: 1010.568 Thread 0x000000001f91d000 Thread exited: 0x000000001f91d000
Event: 1010.568 Thread 0x000000001f924000 Thread exited: 0x000000001f924000
Event: 1010.568 Executing VM operation: Exit


Dynamic libraries:
0x00007ff613990000 - 0x00007ff6139c7000 	C:\Program Files\Java\jre1.8.0_66\bin\javaw.exe
0x00007fffd6900000 - 0x00007fffd6ac1000 	C:\WINDOWS\SYSTEM32\ntdll.dll
0x00007fffd6780000 - 0x00007fffd682d000 	C:\WINDOWS\system32\KERNEL32.DLL
0x00007fffd3a60000 - 0x00007fffd3c48000 	C:\WINDOWS\system32\KERNELBASE.dll
0x00007fffd3cf0000 - 0x00007fffd3d97000 	C:\WINDOWS\system32\ADVAPI32.dll
0x00007fffd3f50000 - 0x00007fffd3fed000 	C:\WINDOWS\system32\msvcrt.dll
0x00007fffd5dd0000 - 0x00007fffd5e2b000 	C:\WINDOWS\system32\sechost.dll
0x00007fffd64e0000 - 0x00007fffd65fc000 	C:\WINDOWS\system32\RPCRT4.dll
0x00007fffd40f0000 - 0x00007fffd4246000 	C:\WINDOWS\system32\USER32.dll
0x00007fffd5c40000 - 0x00007fffd5dc6000 	C:\WINDOWS\system32\GDI32.dll
0x00007fffbafe0000 - 0x00007fffbb254000 	C:\WINDOWS\WinSxS\amd64_microsoft.windows.common-controls_6595b64144ccf1df_6.0.10586.0_none_8c15ae12515e1c22\COMCTL32.dll
0x00007fffd6260000 - 0x00007fffd64dd000 	C:\WINDOWS\system32\combase.dll
0x00007fffd33a0000 - 0x00007fffd340a000 	C:\WINDOWS\system32\bcryptPrimitives.dll
0x00007fffd4480000 - 0x00007fffd44bb000 	C:\WINDOWS\system32\IMM32.DLL
0x00000000571e0000 - 0x00000000572b2000 	C:\Program Files\Java\jre1.8.0_66\bin\msvcr100.dll
0x0000000051760000 - 0x0000000051fe9000 	C:\Program Files\Java\jre1.8.0_66\bin\server\jvm.dll
0x00007fffd40e0000 - 0x00007fffd40e8000 	C:\WINDOWS\system32\PSAPI.DLL
0x00007fffc81a0000 - 0x00007fffc81a9000 	C:\WINDOWS\SYSTEM32\WSOCK32.dll
0x00007fffceaa0000 - 0x00007fffceaaa000 	C:\WINDOWS\SYSTEM32\VERSION.dll
0x00007fffd16b0000 - 0x00007fffd16d3000 	C:\WINDOWS\SYSTEM32\WINMM.dll
0x00007fffd4410000 - 0x00007fffd447b000 	C:\WINDOWS\system32\WS2_32.dll
0x0000000000930000 - 0x000000000095c000 	C:\WINDOWS\SYSTEM32\WINMMBASE.dll
0x00007fffd2f90000 - 0x00007fffd2fd3000 	C:\WINDOWS\system32\cfgmgr32.dll
0x0000000057380000 - 0x000000005738f000 	C:\Program Files\Java\jre1.8.0_66\bin\verify.dll
0x0000000057350000 - 0x0000000057379000 	C:\Program Files\Java\jre1.8.0_66\bin\java.dll
0x0000000057330000 - 0x0000000057346000 	C:\Program Files\Java\jre1.8.0_66\bin\zip.dll
0x00007fffd46e0000 - 0x00007fffd5c3f000 	C:\WINDOWS\system32\SHELL32.dll
0x00007fffd3410000 - 0x00007fffd3a54000 	C:\WINDOWS\system32\windows.storage.dll
0x00007fffd45d0000 - 0x00007fffd4622000 	C:\WINDOWS\system32\shlwapi.dll
0x00007fffd2f00000 - 0x00007fffd2f0f000 	C:\WINDOWS\system32\kernel.appcore.dll
0x00007fffd32e0000 - 0x00007fffd3395000 	C:\WINDOWS\system32\shcore.dll
0x00007fffd2f10000 - 0x00007fffd2f5b000 	C:\WINDOWS\system32\powrprof.dll
0x00007fffd2f70000 - 0x00007fffd2f84000 	C:\WINDOWS\system32\profapi.dll
0x00000000573c0000 - 0x00000000573cd000 	C:\Program Files\Java\jre1.8.0_66\bin\management.dll
0x0000000057310000 - 0x000000005732a000 	C:\Program Files\Java\jre1.8.0_66\bin\net.dll
0x00007fffd2830000 - 0x00007fffd288c000 	C:\WINDOWS\system32\mswsock.dll
0x00000000572f0000 - 0x0000000057301000 	C:\Program Files\Java\jre1.8.0_66\bin\nio.dll
0x00007fffcc0f0000 - 0x00007fffcc106000 	C:\WINDOWS\system32\napinsp.dll
0x00007fffcc110000 - 0x00007fffcc12a000 	C:\WINDOWS\system32\pnrpnsp.dll
0x00007fffd0f30000 - 0x00007fffd0f48000 	C:\WINDOWS\system32\NLAapi.dll
0x00007fffd1920000 - 0x00007fffd19ca000 	C:\WINDOWS\SYSTEM32\DNSAPI.dll
0x00007fffd3ce0000 - 0x00007fffd3ce8000 	C:\WINDOWS\system32\NSI.dll
0x00007fffcc130000 - 0x00007fffcc13d000 	C:\WINDOWS\System32\winrnr.dll
0x00007fffcecc0000 - 0x00007fffcecca000 	C:\Windows\System32\rasadhlp.dll
0x00007fffcfd30000 - 0x00007fffcfd68000 	C:\WINDOWS\SYSTEM32\IPHLPAPI.DLL
0x00007fffd01c0000 - 0x00007fffd0227000 	C:\WINDOWS\System32\fwpuclnt.dll
0x00007fffd2b00000 - 0x00007fffd2b29000 	C:\WINDOWS\SYSTEM32\bcrypt.dll
0x0000000180000000 - 0x0000000180051000 	C:\Users\FTBModified\.gradle\caches\minecraft\net\minecraft\minecraft_natives\1.7.10\lwjgl64.dll
0x00007fffb2340000 - 0x00007fffb2469000 	C:\WINDOWS\SYSTEM32\OPENGL32.dll
0x00007fffac3a0000 - 0x00007fffac49a000 	C:\WINDOWS\SYSTEM32\DDRAW.dll
0x00007fffcaef0000 - 0x00007fffcaf1e000 	C:\WINDOWS\SYSTEM32\GLU32.dll
0x00007fffd1590000 - 0x00007fffd1598000 	C:\WINDOWS\SYSTEM32\DCIMAN32.dll
0x00007fffd28e0000 - 0x00007fffd28f7000 	C:\WINDOWS\SYSTEM32\CRYPTSP.dll
0x00007fffd2570000 - 0x00007fffd25a4000 	C:\WINDOWS\system32\rsaenh.dll
0x00007fffd26c0000 - 0x00007fffd26df000 	C:\WINDOWS\SYSTEM32\USERENV.dll
0x00007fffd3110000 - 0x00007fffd32d7000 	C:\WINDOWS\system32\CRYPT32.dll
0x00007fffd2f60000 - 0x00007fffd2f70000 	C:\WINDOWS\system32\MSASN1.dll
0x00007fffd25b0000 - 0x00007fffd25ba000 	C:\WINDOWS\SYSTEM32\DPAPI.dll
0x00007fffd2a00000 - 0x00007fffd2a0b000 	C:\WINDOWS\SYSTEM32\CRYPTBASE.dll
0x00007fffcfb60000 - 0x00007fffcfb76000 	C:\WINDOWS\SYSTEM32\dhcpcsvc6.DLL
0x00007fffcfa50000 - 0x00007fffcfa6a000 	C:\WINDOWS\SYSTEM32\dhcpcsvc.DLL
0x0000000057040000 - 0x00000000571d8000 	C:\Program Files\Java\jre1.8.0_66\bin\awt.dll
0x00007fffd6830000 - 0x00007fffd68f1000 	C:\WINDOWS\system32\OLEAUT32.dll
0x00007fffd15a0000 - 0x00007fffd1619000 	C:\WINDOWS\system32\apphelp.dll
0x00007fffd1880000 - 0x00007fffd1916000 	C:\WINDOWS\system32\uxtheme.dll
0x00007fffd6600000 - 0x00007fffd675a000 	C:\WINDOWS\system32\MSCTF.dll
0x00007fffd1560000 - 0x00007fffd1588000 	C:\Program Files (x86)\Raptr\ltc_help64-106568.dll
0x00007fffd2fe0000 - 0x00007fffd3035000 	C:\WINDOWS\system32\WINTRUST.dll
0x00007fffd0da0000 - 0x00007fffd0dc2000 	C:\WINDOWS\system32\dwmapi.dll
0x00007fffcc3c0000 - 0x00007fffcc3d8000 	C:\WINDOWS\SYSTEM32\atig6pxx.dll
0x00000000540f0000 - 0x0000000055f87000 	C:\WINDOWS\SYSTEM32\atio6axx.dll
0x00007fffd5e30000 - 0x00007fffd6259000 	C:\WINDOWS\system32\SETUPAPI.dll
0x00007fffb1550000 - 0x00007fffb1698000 	C:\WINDOWS\SYSTEM32\atiadlxx.dll
0x00007fffd4250000 - 0x00007fffd4393000 	C:\WINDOWS\system32\ole32.dll
0x00007fffcfba0000 - 0x00007fffcfd26000 	C:\WINDOWS\SYSTEM32\PROPSYS.dll
0x00007fffd0f10000 - 0x00007fffd0f23000 	C:\WINDOWS\SYSTEM32\WTSAPI32.dll
0x00007fffd19d0000 - 0x00007fffd19f7000 	C:\WINDOWS\SYSTEM32\DEVOBJ.dll
0x00007fffcaaf0000 - 0x00007fffcab1c000 	C:\WINDOWS\SYSTEM32\atig6txx.dll
0x00007fffb9890000 - 0x00007fffb9921000 	C:\WINDOWS\SYSTEM32\mscms.dll
0x00007fffc0890000 - 0x00007fffc08d2000 	C:\WINDOWS\SYSTEM32\icm32.dll
0x0000000020420000 - 0x0000000020484000 	C:\Users\FTBModified\.gradle\caches\minecraft\net\minecraft\minecraft_natives\1.7.10\OpenAL64.dll
0x00007fffd4630000 - 0x00007fffd46d7000 	C:\WINDOWS\system32\clbcatq.dll
0x00007fffcfe10000 - 0x00007fffcfe80000 	C:\WINDOWS\System32\MMDevApi.dll
0x00007fffb0520000 - 0x00007fffb05bc000 	C:\WINDOWS\SYSTEM32\dsound.dll
0x00007fffcb610000 - 0x00007fffcb698000 	C:\WINDOWS\SYSTEM32\AUDIOSES.DLL
0x00007fffcf910000 - 0x00007fffcfa46000 	C:\WINDOWS\SYSTEM32\wintypes.dll
0x00007fffd40c0000 - 0x00007fffd40dc000 	C:\WINDOWS\system32\imagehlp.dll
0x00007fffd1f00000 - 0x00007fffd1f24000 	C:\WINDOWS\SYSTEM32\gpapi.dll
0x00007fffba010000 - 0x00007fffba03f000 	C:\Windows\System32\cryptnet.dll
0x00007fffd04d0000 - 0x00007fffd04db000 	C:\WINDOWS\SYSTEM32\WINNSI.DLL
0x00007fffb1ec0000 - 0x00007fffb2108000 	C:\PROGRA~2\Raptr\ltc_game64-106568.dll
0x00000000572c0000 - 0x00000000572e4000 	C:\Program Files\Java\jre1.8.0_66\bin\sunec.dll
0x00007fffb3af0000 - 0x00007fffb3c7c000 	C:\WINDOWS\SYSTEM32\dbghelp.dll

VM Arguments:
jvm_args: -Dfile.encoding=UTF-8 
java_command: GradleStart
java_class_path (initial): C:\Users\FTBModified\git\mod-ftbmodified\bin;C:\Users\FTBModified\.gradle\caches\minecraft\net\minecraftforge\forge\1.7.10-10.13.4.1448-1.7.10\forgeSrc-1.7.10-10.13.4.1448-1.7.10.jar;C:\Users\FTBModified\.gradle\caches\modules-2\files-2.1\net.minecraft\launchwrapper\1.11\9c0592c6e1e9ea296a70948081bd4cc84dda1289\launchwrapper-1.11.jar;C:\Users\FTBModified\.gradle\caches\modules-2\files-2.1\com.google.code.findbugs\jsr305\1.3.9\40719ea6961c0cb6afaeb6a921eaa1f6afd4cfdf\jsr305-1.3.9.jar;C:\Users\FTBModified\.gradle\caches\modules-2\files-2.1\org.ow2.asm\asm-debug-all\5.0.3\f9e364ae2a66ce2a543012a4668856e84e5dab74\asm-debug-all-5.0.3.jar;C:\Users\FTBModified\.gradle\caches\modules-2\files-2.1\com.typesafe.akka\akka-actor_2.11\2.3.3\ed62e9fc709ca0f2ff1a3220daa8b70a2870078e\akka-actor_2.11-2.3.3.jar;C:\Users\FTBModified\.gradle\caches\modules-2\files-2.1\com.typesafe\config\1.2.1\f771f71fdae3df231bcd54d5ca2d57f0bf93f467\config-1.2.1.jar;C:\Users\FTBModified\.gradle\caches\modules-2\files-2.1\org.scala-lang\scala-actors-migration_2.11\1.1.0\dfa8bc42b181d5b9f1a5dd147f8ae308b893eb6f\scala-actors-migration_2.11-1.1.0.jar;C:\Users\FTBModified\.gradle\caches\modules-2\files-2.1\org.scala-lang\scala-compiler\2.11.1\56ea2e6c025e0821f28d73ca271218b8dd04926a\scala-compiler-2.11.1.jar;C:\Users\FTBModified\.gradle\caches\modules-2\files-2.1\org.scala-lang.plugins\scala-continuations-library_2.11\1.0.2\e517c53a7e9acd6b1668c5a35eccbaa3bab9aac\scala-continuations-library_2.11-1.0.2.jar;C:\Users\FTBModified\.gradle\caches\modules-2\files-2.1\org.scala-lang.plugins\scala-continuations-plugin_2.11.1\1.0.2\f361a3283452c57fa30c1ee69448995de23c60f7\scala-continuations-plugin_2.11.1-1.0.2.jar;C:\Users\FTBModified\.gradle\caches\modules-2\files-2.1\org.scala-lang\scala-library\2.11.1\e11da23da3eabab9f4777b9220e60d44c1aab6a\scala-library-2.11.1.jar;C:\Users\FTBModified\.gradle\caches\modules-2\files-2.1\org.scala-lang\scala-parser-combinators_2.11\1.0.1\f05d7345bf5a58
Launcher Type: SUN_STANDARD

Environment Variables:
PATH=C:/Program Files/Java/jre1.8.0_66/bin/server;C:/Program Files/Java/jre1.8.0_66/bin;C:/Program Files/Java/jre1.8.0_66/lib/amd64;C:\Program Files (x86)\Common Files\Intel\Shared Libraries\redist\intel64\compiler;C:\ProgramData\Oracle\Java\javapath;C:\WINDOWS\system32;C:\WINDOWS;C:\WINDOWS\System32\Wbem;C:\WINDOWS\System32\WindowsPowerShell\v1.0\;C:\Program Files (x86)\ATI Technologies\ATI.ACE\Core-Static;C:\Program Files (x86)\Skype\Phone\;C:\Program Files\Git\cmd;C:\Program Files\Git\mingw64\bin;C:\Program Files\Git\usr\bin;C:\Program Files\nodejs\;C:\Users\FTBModified\PhpstormProjects\FTB_Modified\platforms\android\cordova;C:\Program Files (x86)\GNU\GnuPG\pub;C:\Program Files (x86)\AMD\ATI.ACE\Core-Static;I:\eclipse IDE\eclipse;
USERNAME=alan
OS=Windows_NT
PROCESSOR_IDENTIFIER=AMD64 Family 21 Model 2 Stepping 0, AuthenticAMD



---------------  S Y S T E M  ---------------

OS: Windows 10.0 , 64 bit Build 10586 (10.0.10586.0)

CPU:total 6 (6 cores per cpu, 1 threads per core) family 21 model 2 stepping 0, cmov, cx8, fxsr, mmx, sse, sse2, sse3, ssse3, sse4.1, sse4.2, popcnt, avx, aes, clmul, mmxext, 3dnowpref, lzcnt, sse4a, tsc, tscinvbit, tscinv, bmi1

Memory: 4k page, physical 12535000k(4064792k free), swap 25117912k(11448752k free)

vm_info: Java HotSpot(TM) 64-Bit Server VM (25.66-b18) for windows-amd64 JRE (1.8.0_66-b18), built on Nov  9 2015 10:51:13 by "java_re" with MS VC++ 10.0 (VS2010)

time: Tue Dec 22 22:34:23 2015
elapsed time: 1010 seconds (0d 0h 16m 50s)

