[22:33:57] [main/INFO]: Setting user: Player989
[22:33:59] [Client thread/INFO]: LWJGL Version: 2.9.1
[22:33:59] [Client thread/ERROR]: Couldn't initialize twitch stream
[22:34:04] [Client thread/INFO]: Reloading ResourceManager: Default, FMLFileResourcePack:Forge Mod Loader, FMLFileResourcePack:Minecraft Forge, FMLFileResourcePack:Mod FTB Modified
[22:34:05] [Sound Library Loader/INFO]: Sound engine started
[22:34:09] [Client thread/INFO]: Created: 1024x512 textures/blocks-atlas
[22:34:09] [Client thread/INFO]: Created: 512x256 textures/items-atlas
[22:34:09] [Client thread/INFO]: Reloading ResourceManager: Default, FMLFileResourcePack:Forge Mod Loader, FMLFileResourcePack:Minecraft Forge, FMLFileResourcePack:Mod FTB Modified
[22:34:11] [Client thread/INFO]: Created: 1024x512 textures/blocks-atlas
[22:34:11] [Client thread/INFO]: Created: 512x256 textures/items-atlas
[22:34:12] [Sound Library Loader/INFO]: Sound engine started
[22:34:28] [Server thread/INFO]: Starting integrated minecraft server version 1.7.10
[22:34:28] [Server thread/INFO]: Generating keypair
[22:34:28] [Server thread/INFO]: Preparing start region for level 0
[22:34:29] [Server thread/INFO]: Preparing spawn area: 82%
[22:34:29] [Server thread/INFO]: Changing view distance to 16, from 10
[22:34:30] [Server thread/INFO]: Player989[local:E:0880d5f5] logged in with entity id 151 at (-53.76892256697312, 71.0, 322.0039138077958)
[22:34:30] [Server thread/INFO]: Player989 a rejoint la partie
[22:34:41] [Server thread/INFO]: Player989 vient d'obtenir le succès [Faire l'inventaire]
[22:34:41] [Client thread/INFO]: [CHAT] Player989 vient d'obtenir le succès [Faire l'inventaire]
[22:37:11] [Server thread/INFO]: Saving and pausing game...
[22:37:11] [Server thread/INFO]: Saving chunks for level 'Nouveau monde'/Overworld
[22:37:11] [Server thread/INFO]: Saving chunks for level 'Nouveau monde'/Nether
[22:37:11] [Server thread/INFO]: Saving chunks for level 'Nouveau monde'/The End
[22:37:16] [Client thread/INFO]: Started on 59551
[22:37:16] [Client thread/INFO]: [CHAT] Jeu local hébergé sur le port 59551
