[22:17:43] [main/INFO]: Setting user: Player727
[22:17:44] [Client thread/INFO]: LWJGL Version: 2.9.1
[22:17:45] [Client thread/ERROR]: Couldn't initialize twitch stream
[22:17:49] [Client thread/INFO]: Reloading ResourceManager: Default, FMLFileResourcePack:Forge Mod Loader, FMLFileResourcePack:Minecraft Forge, FMLFileResourcePack:Mod FTB Modified
[22:17:50] [Sound Library Loader/INFO]: Sound engine started
[22:17:54] [Client thread/INFO]: Created: 1024x512 textures/blocks-atlas
[22:17:54] [Client thread/INFO]: Created: 512x256 textures/items-atlas
[22:17:55] [Client thread/INFO]: Reloading ResourceManager: Default, FMLFileResourcePack:Forge Mod Loader, FMLFileResourcePack:Minecraft Forge, FMLFileResourcePack:Mod FTB Modified
[22:17:55] [Client thread/INFO]: Created: 1024x512 textures/blocks-atlas
[22:17:56] [Client thread/INFO]: Created: 512x256 textures/items-atlas
[22:17:56] [Sound Library Loader/INFO]: Sound engine started
[22:18:03] [Server thread/INFO]: Starting integrated minecraft server version 1.7.10
[22:18:03] [Server thread/INFO]: Generating keypair
[22:18:03] [Server thread/INFO]: Preparing start region for level 0
[22:18:04] [Server thread/INFO]: Preparing spawn area: 75%
[22:18:04] [Server thread/INFO]: Changing view distance to 16, from 10
[22:18:05] [Server thread/INFO]: Player727[local:E:7d87dcc5] logged in with entity id 135 at (-129.26982738557209, 73.0, 359.3296775255595)
[22:18:05] [Server thread/INFO]: Player727 a rejoint la partie
[22:18:09] [Server thread/INFO]: Player727 vient d'obtenir le succès [Faire l'inventaire]
[22:18:09] [Client thread/INFO]: [CHAT] Player727 vient d'obtenir le succès [Faire l'inventaire]
[22:18:17] [Server thread/INFO]: Saving and pausing game...
[22:18:18] [Server thread/INFO]: Saving chunks for level 'Nouveau monde'/Overworld
[22:18:18] [Server thread/INFO]: Saving chunks for level 'Nouveau monde'/Nether
[22:18:18] [Server thread/INFO]: Saving chunks for level 'Nouveau monde'/The End
[22:24:22] [main/INFO]: Setting user: Player396
[22:24:23] [Client thread/INFO]: LWJGL Version: 2.9.1
[22:24:24] [Client thread/ERROR]: Couldn't initialize twitch stream
[22:24:29] [Client thread/INFO]: Reloading ResourceManager: Default, FMLFileResourcePack:Forge Mod Loader, FMLFileResourcePack:Minecraft Forge, FMLFileResourcePack:Mod FTB Modified
[22:24:30] [Sound Library Loader/INFO]: Sound engine started
[22:24:34] [Client thread/INFO]: Created: 1024x512 textures/blocks-atlas
[22:24:34] [Client thread/INFO]: Created: 512x256 textures/items-atlas
[22:24:34] [Client thread/INFO]: Reloading ResourceManager: Default, FMLFileResourcePack:Forge Mod Loader, FMLFileResourcePack:Minecraft Forge, FMLFileResourcePack:Mod FTB Modified
[22:24:35] [Client thread/INFO]: Created: 1024x512 textures/blocks-atlas
[22:24:35] [Client thread/INFO]: Created: 512x256 textures/items-atlas
[22:24:36] [Sound Library Loader/INFO]: Sound engine started
[22:24:43] [Server thread/INFO]: Starting integrated minecraft server version 1.7.10
[22:24:43] [Server thread/INFO]: Generating keypair
[22:24:44] [Server thread/INFO]: Preparing start region for level 0
[22:24:45] [Server thread/INFO]: Preparing spawn area: 81%
[22:24:45] [Server thread/INFO]: Changing view distance to 16, from 10
[22:24:46] [Server thread/INFO]: Player396[local:E:66248caa] logged in with entity id 136 at (-129.26982738557209, 73.0, 359.3296775255595)
[22:24:46] [Server thread/INFO]: Player396 a rejoint la partie
[22:24:53] [Server thread/INFO]: Player396 vient d'obtenir le succès [Faire l'inventaire]
[22:24:53] [Client thread/INFO]: [CHAT] Player396 vient d'obtenir le succès [Faire l'inventaire]
[22:25:17] [Server thread/INFO]: [Player396 : Changement de votre propre mode de jeu en Mode Survie]
[22:25:17] [Client thread/INFO]: [CHAT] Votre mode de jeu a été mis à jour
[22:25:19] [Client thread/INFO]: Warning: Clientside chunk ticking took 137 ms
[22:26:05] [Client thread/INFO]: Stopping!
[22:26:05] [Server thread/INFO]: Stopping server
[22:26:05] [Server thread/INFO]: Saving players
[22:26:05] [Server thread/INFO]: Saving worlds
[22:26:05] [Server thread/INFO]: Saving chunks for level 'Nouveau monde'/Overworld
[22:26:05] [Server thread/INFO]: Saving chunks for level 'Nouveau monde'/Nether
[22:26:05] [Server thread/INFO]: Saving chunks for level 'Nouveau monde'/The End
[22:26:06] [Client Shutdown Thread/INFO]: Stopping server
[22:26:06] [Client Shutdown Thread/INFO]: Saving players
